-------------------------------------------------------------------------------
Test set: pj.pjatk.szymaj.MovieServiceApplicationTests
-------------------------------------------------------------------------------
Tests run: 1, Failures: 0, Errors: 1, Skipped: 0, Time elapsed: 4.895 s <<< FAILURE! - in pj.pjatk.szymaj.MovieServiceApplicationTests
contextLoads  Time elapsed: 0.003 s  <<< ERROR!
java.lang.IllegalStateException: Failed to load ApplicationContext
Caused by: org.springframework.beans.factory.UnsatisfiedDependencyException: Error creating bean with name 'movieServiceRestController' defined in file [D:\Java Sandbox\MovieService\target\classes\pj\pjatk\szymaj\MovieServiceRestController.class]: Unsatisfied dependency expressed through constructor parameter 0; nested exception is org.springframework.beans.factory.UnsatisfiedDependencyException: Error creating bean with name 'movieService' defined in file [D:\Java Sandbox\MovieService\target\classes\pj\pjatk\szymaj\movie\MovieService.class]: Unsatisfied dependency expressed through constructor parameter 0; nested exception is org.springframework.beans.factory.BeanCreationException: Error creating bean with name 'movieRepository' defined in pj.pjatk.szymaj.movie.MovieRepository defined in @EnableJpaRepositories declared on JpaRepositoriesRegistrar.EnableJpaRepositoriesConfiguration: Invocation of init method failed; nested exception is java.lang.IllegalArgumentException: Failed to create query for method public abstract java.util.List pj.pjatk.szymaj.movie.MovieRepository.findByAvailable(boolean)! Unable to locate Attribute  with the the given name [available] on this ManagedType [pj.pjatk.szymaj.movie.Movie]
Caused by: org.springframework.beans.factory.UnsatisfiedDependencyException: Error creating bean with name 'movieService' defined in file [D:\Java Sandbox\MovieService\target\classes\pj\pjatk\szymaj\movie\MovieService.class]: Unsatisfied dependency expressed through constructor parameter 0; nested exception is org.springframework.beans.factory.BeanCreationException: Error creating bean with name 'movieRepository' defined in pj.pjatk.szymaj.movie.MovieRepository defined in @EnableJpaRepositories declared on JpaRepositoriesRegistrar.EnableJpaRepositoriesConfiguration: Invocation of init method failed; nested exception is java.lang.IllegalArgumentException: Failed to create query for method public abstract java.util.List pj.pjatk.szymaj.movie.MovieRepository.findByAvailable(boolean)! Unable to locate Attribute  with the the given name [available] on this ManagedType [pj.pjatk.szymaj.movie.Movie]
Caused by: org.springframework.beans.factory.BeanCreationException: Error creating bean with name 'movieRepository' defined in pj.pjatk.szymaj.movie.MovieRepository defined in @EnableJpaRepositories declared on JpaRepositoriesRegistrar.EnableJpaRepositoriesConfiguration: Invocation of init method failed; nested exception is java.lang.IllegalArgumentException: Failed to create query for method public abstract java.util.List pj.pjatk.szymaj.movie.MovieRepository.findByAvailable(boolean)! Unable to locate Attribute  with the the given name [available] on this ManagedType [pj.pjatk.szymaj.movie.Movie]
Caused by: java.lang.IllegalArgumentException: Failed to create query for method public abstract java.util.List pj.pjatk.szymaj.movie.MovieRepository.findByAvailable(boolean)! Unable to locate Attribute  with the the given name [available] on this ManagedType [pj.pjatk.szymaj.movie.Movie]
Caused by: java.lang.IllegalArgumentException: Unable to locate Attribute  with the the given name [available] on this ManagedType [pj.pjatk.szymaj.movie.Movie]

